<?xml version="1.0" encoding="UTF-8"?>
<!-- Generated by org.testng.reporters.JUnitXMLReporter -->
<testsuite hostname="emerjencylap1" name="Test1" tests="3" failures="0" timestamp="21 Apr 2016 11:41:40 GMT" time="126.489" errors="0">
  <testcase name="FirstTest" time="64.095" classname="com.iso.ppw.test.ui.testNg.PassportTestNg"/>
  <testcase name="ThirdTest" time="68.681" classname="com.iso.ppw.test.ui.testNg.PassportTestNg"/>
  <testcase name="SecondTest" time="112.066" classname="com.iso.ppw.test.ui.testNg.PassportTestNg"/>
</testsuite> <!-- Test1 -->
